[0.057s] DEBUG:colcon:Command line arguments: ['/usr/bin/colcon', 'build']
[0.057s] DEBUG:colcon:Parsed command line arguments: Namespace(log_base=None, log_level=None, verb_name='build', build_base='build', install_base='install', merge_install=False, symlink_install=False, test_result_base=None, continue_on_error=False, executor='parallel', parallel_workers=20, event_handlers=None, ignore_user_meta=False, metas=['./colcon.meta'], base_paths=['.'], packages_ignore=None, packages_ignore_regex=None, paths=None, packages_up_to=None, packages_up_to_regex=None, packages_above=None, packages_above_and_dependencies=None, packages_above_depth=None, packages_select_by_dep=None, packages_skip_by_dep=None, packages_skip_up_to=None, packages_select_build_failed=False, packages_skip_build_finished=False, packages_select_test_failures=False, packages_skip_test_passed=False, packages_select=None, packages_skip=None, packages_select_regex=None, packages_skip_regex=None, packages_start=None, packages_end=None, allow_overriding=[], cmake_args=None, cmake_target=None, cmake_target_skip_unavailable=False, cmake_clean_cache=False, cmake_clean_first=False, cmake_force_configure=False, ament_cmake_args=None, catkin_cmake_args=None, catkin_skip_building_tests=False, verb_parser=<colcon_defaults.argument_parser.defaults.DefaultArgumentsDecorator object at 0x7391f6d2b9d0>, verb_extension=<colcon_core.verb.build.BuildVerb object at 0x7391f6d2b490>, main=<bound method BuildVerb.main of <colcon_core.verb.build.BuildVerb object at 0x7391f6d2b490>>)
[0.141s] Level 1:colcon.colcon_core.package_discovery:discover_packages(colcon_meta) check parameters
[0.141s] Level 1:colcon.colcon_core.package_discovery:discover_packages(recursive) check parameters
[0.141s] Level 1:colcon.colcon_core.package_discovery:discover_packages(ignore) check parameters
[0.141s] Level 1:colcon.colcon_core.package_discovery:discover_packages(path) check parameters
[0.141s] Level 1:colcon.colcon_core.package_discovery:discover_packages(colcon_meta) discover
[0.141s] Level 1:colcon.colcon_core.package_discovery:discover_packages(recursive) discover
[0.141s] INFO:colcon.colcon_core.package_discovery:Crawling recursively for packages in '/home/ljyyds/chapt7/chapt7_ws/src'
[0.141s] Level 1:colcon.colcon_core.package_identification:_identify(.) by extensions ['ignore', 'ignore_ament_install']
[0.141s] Level 1:colcon.colcon_core.package_identification:_identify(.) by extension 'ignore'
[0.141s] Level 1:colcon.colcon_core.package_identification:_identify(.) by extension 'ignore_ament_install'
[0.141s] Level 1:colcon.colcon_core.package_identification:_identify(.) by extensions ['colcon_pkg']
[0.141s] Level 1:colcon.colcon_core.package_identification:_identify(.) by extension 'colcon_pkg'
[0.141s] Level 1:colcon.colcon_core.package_identification:_identify(.) by extensions ['colcon_meta']
[0.141s] Level 1:colcon.colcon_core.package_identification:_identify(.) by extension 'colcon_meta'
[0.141s] Level 1:colcon.colcon_core.package_identification:_identify(.) by extensions ['ros']
[0.141s] Level 1:colcon.colcon_core.package_identification:_identify(.) by extension 'ros'
[0.149s] Level 1:colcon.colcon_core.package_identification:_identify(.) by extensions ['cmake', 'python']
[0.149s] Level 1:colcon.colcon_core.package_identification:_identify(.) by extension 'cmake'
[0.149s] Level 1:colcon.colcon_core.package_identification:_identify(.) by extension 'python'
[0.149s] Level 1:colcon.colcon_core.package_identification:_identify(.) by extensions ['python_setup_py']
[0.149s] Level 1:colcon.colcon_core.package_identification:_identify(.) by extension 'python_setup_py'
[0.149s] Level 1:colcon.colcon_core.package_identification:_identify(build) by extensions ['ignore', 'ignore_ament_install']
[0.149s] Level 1:colcon.colcon_core.package_identification:_identify(build) by extension 'ignore'
[0.149s] Level 1:colcon.colcon_core.package_identification:_identify(build) ignored
[0.149s] Level 1:colcon.colcon_core.package_identification:_identify(smartcar_description) by extensions ['ignore', 'ignore_ament_install']
[0.149s] Level 1:colcon.colcon_core.package_identification:_identify(smartcar_description) by extension 'ignore'
[0.149s] Level 1:colcon.colcon_core.package_identification:_identify(smartcar_description) by extension 'ignore_ament_install'
[0.149s] Level 1:colcon.colcon_core.package_identification:_identify(smartcar_description) by extensions ['colcon_pkg']
[0.149s] Level 1:colcon.colcon_core.package_identification:_identify(smartcar_description) by extension 'colcon_pkg'
[0.149s] Level 1:colcon.colcon_core.package_identification:_identify(smartcar_description) by extensions ['colcon_meta']
[0.149s] Level 1:colcon.colcon_core.package_identification:_identify(smartcar_description) by extension 'colcon_meta'
[0.149s] Level 1:colcon.colcon_core.package_identification:_identify(smartcar_description) by extensions ['ros']
[0.149s] Level 1:colcon.colcon_core.package_identification:_identify(smartcar_description) by extension 'ros'
[0.150s] DEBUG:colcon.colcon_core.package_identification:Package 'smartcar_description' with type 'ros.ament_cmake' and name 'smartcar_description'
[0.151s] Level 1:colcon.colcon_core.package_identification:_identify(install) by extensions ['ignore', 'ignore_ament_install']
[0.151s] Level 1:colcon.colcon_core.package_identification:_identify(install) by extension 'ignore'
[0.151s] Level 1:colcon.colcon_core.package_identification:_identify(install) ignored
[0.151s] Level 1:colcon.colcon_core.package_identification:_identify(log) by extensions ['ignore', 'ignore_ament_install']
[0.151s] Level 1:colcon.colcon_core.package_identification:_identify(log) by extension 'ignore'
[0.151s] Level 1:colcon.colcon_core.package_identification:_identify(log) ignored
[0.151s] Level 1:colcon.colcon_core.package_discovery:discover_packages(recursive) using defaults
[0.151s] Level 1:colcon.colcon_core.package_discovery:discover_packages(ignore) discover
[0.151s] Level 1:colcon.colcon_core.package_discovery:discover_packages(ignore) using defaults
[0.151s] Level 1:colcon.colcon_core.package_discovery:discover_packages(path) discover
[0.151s] Level 1:colcon.colcon_core.package_discovery:discover_packages(path) using defaults
[0.163s] Level 1:colcon.colcon_core.package_discovery:discover_packages(prefix_path) check parameters
[0.163s] Level 1:colcon.colcon_core.package_discovery:discover_packages(prefix_path) discover
[0.165s] DEBUG:colcon.colcon_installed_package_information.package_discovery:Found 347 installed packages in /opt/ros/humble
[0.172s] Level 1:colcon.colcon_core.package_discovery:discover_packages(prefix_path) using defaults
[0.196s] Level 5:colcon.colcon_core.verb:set package 'smartcar_description' build argument 'cmake_args' from command line to 'None'
[0.196s] Level 5:colcon.colcon_core.verb:set package 'smartcar_description' build argument 'cmake_target' from command line to 'None'
[0.196s] Level 5:colcon.colcon_core.verb:set package 'smartcar_description' build argument 'cmake_target_skip_unavailable' from command line to 'False'
[0.196s] Level 5:colcon.colcon_core.verb:set package 'smartcar_description' build argument 'cmake_clean_cache' from command line to 'False'
[0.196s] Level 5:colcon.colcon_core.verb:set package 'smartcar_description' build argument 'cmake_clean_first' from command line to 'False'
[0.196s] Level 5:colcon.colcon_core.verb:set package 'smartcar_description' build argument 'cmake_force_configure' from command line to 'False'
[0.196s] Level 5:colcon.colcon_core.verb:set package 'smartcar_description' build argument 'ament_cmake_args' from command line to 'None'
[0.196s] Level 5:colcon.colcon_core.verb:set package 'smartcar_description' build argument 'catkin_cmake_args' from command line to 'None'
[0.196s] Level 5:colcon.colcon_core.verb:set package 'smartcar_description' build argument 'catkin_skip_building_tests' from command line to 'False'
[0.196s] DEBUG:colcon.colcon_core.verb:Building package 'smartcar_description' with the following arguments: {'ament_cmake_args': None, 'build_base': '/home/ljyyds/chapt7/chapt7_ws/src/build/smartcar_description', 'catkin_cmake_args': None, 'catkin_skip_building_tests': False, 'cmake_args': None, 'cmake_clean_cache': False, 'cmake_clean_first': False, 'cmake_force_configure': False, 'cmake_target': None, 'cmake_target_skip_unavailable': False, 'install_base': '/home/ljyyds/chapt7/chapt7_ws/src/install/smartcar_description', 'merge_install': False, 'path': '/home/ljyyds/chapt7/chapt7_ws/src/smartcar_description', 'symlink_install': False, 'test_result_base': None}
[0.196s] INFO:colcon.colcon_core.executor:Executing jobs using 'parallel' executor
[0.197s] DEBUG:colcon.colcon_parallel_executor.executor.parallel:run_until_complete
[0.197s] INFO:colcon.colcon_ros.task.ament_cmake.build:Building ROS package in '/home/ljyyds/chapt7/chapt7_ws/src/smartcar_description' with build type 'ament_cmake'
[0.197s] INFO:colcon.colcon_cmake.task.cmake.build:Building CMake package in '/home/ljyyds/chapt7/chapt7_ws/src/smartcar_description'
[0.198s] INFO:colcon.colcon_core.plugin_system:Skipping extension 'colcon_core.shell.bat': Not used on non-Windows systems
[0.198s] INFO:colcon.colcon_core.shell:Skip shell extension 'powershell' for command environment: Not usable outside of PowerShell
[0.198s] DEBUG:colcon.colcon_core.shell:Skip shell extension 'dsv' for command environment
[0.203s] DEBUG:colcon.colcon_core.event_handler.log_command:Invoking command in '/home/ljyyds/chapt7/chapt7_ws/src/build/smartcar_description': CMAKE_PREFIX_PATH=/opt/ros/humble /usr/bin/cmake /home/ljyyds/chapt7/chapt7_ws/src/smartcar_description -DCMAKE_INSTALL_PREFIX=/home/ljyyds/chapt7/chapt7_ws/src/install/smartcar_description
[0.786s] DEBUG:colcon.colcon_core.event_handler.log_command:Invoked command in '/home/ljyyds/chapt7/chapt7_ws/src/build/smartcar_description' returned '0': CMAKE_PREFIX_PATH=/opt/ros/humble /usr/bin/cmake /home/ljyyds/chapt7/chapt7_ws/src/smartcar_description -DCMAKE_INSTALL_PREFIX=/home/ljyyds/chapt7/chapt7_ws/src/install/smartcar_description
[0.788s] DEBUG:colcon.colcon_core.event_handler.log_command:Invoking command in '/home/ljyyds/chapt7/chapt7_ws/src/build/smartcar_description': CMAKE_PREFIX_PATH=/opt/ros/humble /usr/bin/cmake --build /home/ljyyds/chapt7/chapt7_ws/src/build/smartcar_description -- -j20 -l20
[0.815s] DEBUG:colcon.colcon_core.event_handler.log_command:Invoked command in '/home/ljyyds/chapt7/chapt7_ws/src/build/smartcar_description' returned '0': CMAKE_PREFIX_PATH=/opt/ros/humble /usr/bin/cmake --build /home/ljyyds/chapt7/chapt7_ws/src/build/smartcar_description -- -j20 -l20
[0.821s] DEBUG:colcon.colcon_core.event_handler.log_command:Invoking command in '/home/ljyyds/chapt7/chapt7_ws/src/build/smartcar_description': CMAKE_PREFIX_PATH=/opt/ros/humble /usr/bin/cmake --install /home/ljyyds/chapt7/chapt7_ws/src/build/smartcar_description
[0.832s] Level 1:colcon.colcon_core.environment:create_environment_scripts_only(smartcar_description)
[0.832s] DEBUG:colcon.colcon_core.event_handler.log_command:Invoked command in '/home/ljyyds/chapt7/chapt7_ws/src/build/smartcar_description' returned '0': CMAKE_PREFIX_PATH=/opt/ros/humble /usr/bin/cmake --install /home/ljyyds/chapt7/chapt7_ws/src/build/smartcar_description
[0.834s] Level 1:colcon.colcon_core.environment:checking '/home/ljyyds/chapt7/chapt7_ws/src/install/smartcar_description' for CMake module files
[0.834s] Level 1:colcon.colcon_core.environment:checking '/home/ljyyds/chapt7/chapt7_ws/src/install/smartcar_description' for CMake config files
[0.835s] Level 1:colcon.colcon_core.shell:create_environment_hook('smartcar_description', 'cmake_prefix_path')
[0.835s] INFO:colcon.colcon_core.shell:Creating environment hook '/home/ljyyds/chapt7/chapt7_ws/src/install/smartcar_description/share/smartcar_description/hook/cmake_prefix_path.ps1'
[0.835s] INFO:colcon.colcon_core.shell:Creating environment descriptor '/home/ljyyds/chapt7/chapt7_ws/src/install/smartcar_description/share/smartcar_description/hook/cmake_prefix_path.dsv'
[0.835s] INFO:colcon.colcon_core.shell:Creating environment hook '/home/ljyyds/chapt7/chapt7_ws/src/install/smartcar_description/share/smartcar_description/hook/cmake_prefix_path.sh'
[0.836s] Level 1:colcon.colcon_core.environment:checking '/home/ljyyds/chapt7/chapt7_ws/src/install/smartcar_description/bin'
[0.836s] Level 1:colcon.colcon_core.environment:checking '/home/ljyyds/chapt7/chapt7_ws/src/install/smartcar_description/lib/pkgconfig/smartcar_description.pc'
[0.836s] Level 1:colcon.colcon_core.environment:checking '/home/ljyyds/chapt7/chapt7_ws/src/install/smartcar_description/lib/python3.10/site-packages'
[0.836s] Level 1:colcon.colcon_core.environment:checking '/home/ljyyds/chapt7/chapt7_ws/src/install/smartcar_description/bin'
[0.836s] INFO:colcon.colcon_core.shell:Creating package script '/home/ljyyds/chapt7/chapt7_ws/src/install/smartcar_description/share/smartcar_description/package.ps1'
[0.837s] INFO:colcon.colcon_core.shell:Creating package descriptor '/home/ljyyds/chapt7/chapt7_ws/src/install/smartcar_description/share/smartcar_description/package.dsv'
[0.837s] INFO:colcon.colcon_core.shell:Creating package script '/home/ljyyds/chapt7/chapt7_ws/src/install/smartcar_description/share/smartcar_description/package.sh'
[0.837s] INFO:colcon.colcon_core.shell:Creating package script '/home/ljyyds/chapt7/chapt7_ws/src/install/smartcar_description/share/smartcar_description/package.bash'
[0.838s] INFO:colcon.colcon_core.shell:Creating package script '/home/ljyyds/chapt7/chapt7_ws/src/install/smartcar_description/share/smartcar_description/package.zsh'
[0.838s] Level 1:colcon.colcon_core.environment:create_file_with_runtime_dependencies(/home/ljyyds/chapt7/chapt7_ws/src/install/smartcar_description/share/colcon-core/packages/smartcar_description)
[0.838s] Level 1:colcon.colcon_core.environment:create_environment_scripts_only(smartcar_description)
[0.839s] Level 1:colcon.colcon_core.environment:checking '/home/ljyyds/chapt7/chapt7_ws/src/install/smartcar_description' for CMake module files
[0.839s] Level 1:colcon.colcon_core.environment:checking '/home/ljyyds/chapt7/chapt7_ws/src/install/smartcar_description' for CMake config files
[0.839s] Level 1:colcon.colcon_core.shell:create_environment_hook('smartcar_description', 'cmake_prefix_path')
[0.839s] INFO:colcon.colcon_core.shell:Creating environment hook '/home/ljyyds/chapt7/chapt7_ws/src/install/smartcar_description/share/smartcar_description/hook/cmake_prefix_path.ps1'
[0.839s] INFO:colcon.colcon_core.shell:Creating environment descriptor '/home/ljyyds/chapt7/chapt7_ws/src/install/smartcar_description/share/smartcar_description/hook/cmake_prefix_path.dsv'
[0.840s] INFO:colcon.colcon_core.shell:Creating environment hook '/home/ljyyds/chapt7/chapt7_ws/src/install/smartcar_description/share/smartcar_description/hook/cmake_prefix_path.sh'
[0.840s] Level 1:colcon.colcon_core.environment:checking '/home/ljyyds/chapt7/chapt7_ws/src/install/smartcar_description/bin'
[0.840s] Level 1:colcon.colcon_core.environment:checking '/home/ljyyds/chapt7/chapt7_ws/src/install/smartcar_description/lib/pkgconfig/smartcar_description.pc'
[0.840s] Level 1:colcon.colcon_core.environment:checking '/home/ljyyds/chapt7/chapt7_ws/src/install/smartcar_description/lib/python3.10/site-packages'
[0.840s] Level 1:colcon.colcon_core.environment:checking '/home/ljyyds/chapt7/chapt7_ws/src/install/smartcar_description/bin'
[0.840s] INFO:colcon.colcon_core.shell:Creating package script '/home/ljyyds/chapt7/chapt7_ws/src/install/smartcar_description/share/smartcar_description/package.ps1'
[0.841s] INFO:colcon.colcon_core.shell:Creating package descriptor '/home/ljyyds/chapt7/chapt7_ws/src/install/smartcar_description/share/smartcar_description/package.dsv'
[0.841s] INFO:colcon.colcon_core.shell:Creating package script '/home/ljyyds/chapt7/chapt7_ws/src/install/smartcar_description/share/smartcar_description/package.sh'
[0.841s] INFO:colcon.colcon_core.shell:Creating package script '/home/ljyyds/chapt7/chapt7_ws/src/install/smartcar_description/share/smartcar_description/package.bash'
[0.841s] INFO:colcon.colcon_core.shell:Creating package script '/home/ljyyds/chapt7/chapt7_ws/src/install/smartcar_description/share/smartcar_description/package.zsh'
[0.841s] Level 1:colcon.colcon_core.environment:create_file_with_runtime_dependencies(/home/ljyyds/chapt7/chapt7_ws/src/install/smartcar_description/share/colcon-core/packages/smartcar_description)
[0.841s] DEBUG:colcon.colcon_parallel_executor.executor.parallel:closing loop
[0.842s] DEBUG:colcon.colcon_parallel_executor.executor.parallel:loop closed
[0.842s] DEBUG:colcon.colcon_parallel_executor.executor.parallel:run_until_complete finished with '0'
[0.842s] DEBUG:colcon.colcon_core.event_reactor:joining thread
[0.844s] INFO:colcon.colcon_core.plugin_system:Skipping extension 'colcon_notification.desktop_notification.terminal_notifier': Not used on non-Darwin systems
[0.844s] INFO:colcon.colcon_core.plugin_system:Skipping extension 'colcon_notification.desktop_notification.win32': Not used on non-Windows systems
[0.844s] INFO:colcon.colcon_notification.desktop_notification:Sending desktop notification using 'notify2'
[0.855s] DEBUG:colcon.colcon_core.event_reactor:joined thread
[0.856s] INFO:colcon.colcon_core.shell:Creating prefix script '/home/ljyyds/chapt7/chapt7_ws/src/install/local_setup.ps1'
[0.856s] INFO:colcon.colcon_core.shell:Creating prefix util module '/home/ljyyds/chapt7/chapt7_ws/src/install/_local_setup_util_ps1.py'
[0.857s] INFO:colcon.colcon_core.shell:Creating prefix chain script '/home/ljyyds/chapt7/chapt7_ws/src/install/setup.ps1'
[0.857s] INFO:colcon.colcon_core.shell:Creating prefix script '/home/ljyyds/chapt7/chapt7_ws/src/install/local_setup.sh'
[0.858s] INFO:colcon.colcon_core.shell:Creating prefix util module '/home/ljyyds/chapt7/chapt7_ws/src/install/_local_setup_util_sh.py'
[0.858s] INFO:colcon.colcon_core.shell:Creating prefix chain script '/home/ljyyds/chapt7/chapt7_ws/src/install/setup.sh'
[0.859s] INFO:colcon.colcon_core.shell:Creating prefix script '/home/ljyyds/chapt7/chapt7_ws/src/install/local_setup.bash'
[0.859s] INFO:colcon.colcon_core.shell:Creating prefix chain script '/home/ljyyds/chapt7/chapt7_ws/src/install/setup.bash'
[0.859s] INFO:colcon.colcon_core.shell:Creating prefix script '/home/ljyyds/chapt7/chapt7_ws/src/install/local_setup.zsh'
[0.859s] INFO:colcon.colcon_core.shell:Creating prefix chain script '/home/ljyyds/chapt7/chapt7_ws/src/install/setup.zsh'
