[0.006s] Invoking command in '/home/ljyyds/chapt7/chapt7_ws/src/build/smartcar_description': CMAKE_PREFIX_PATH=/opt/ros/humble /usr/bin/cmake /home/ljyyds/chapt7/chapt7_ws/src/smartcar_description -DCMAKE_INSTALL_PREFIX=/home/ljyyds/chapt7/chapt7_ws/src/install/smartcar_description
[0.130s] -- The C compiler identification is GNU 11.4.0
[0.223s] -- The CXX compiler identification is GNU 11.4.0
[0.229s] -- Detecting C compiler ABI info
[0.288s] -- Detecting C compiler ABI info - done
[0.293s] -- Check for working C compiler: /usr/bin/cc - skipped
[0.293s] -- Detecting C compile features
[0.294s] -- Detecting C compile features - done
[0.296s] -- Detecting CXX compiler ABI info
[0.359s] -- Detecting CXX compiler ABI info - done
[0.364s] -- Check for working CXX compiler: /usr/bin/c++ - skipped
[0.364s] -- Detecting CXX compile features
[0.364s] -- Detecting CXX compile features - done
[0.366s] -- Found ament_cmake: 1.3.12 (/opt/ros/humble/share/ament_cmake/cmake)
[0.467s] -- Found Python3: /usr/bin/python3 (found version "3.10.12") found components: Interpreter 
[0.532s] -- Found ament_lint_auto: 0.12.14 (/opt/ros/humble/share/ament_lint_auto/cmake)
[0.582s] -- Added test 'flake8' to check Python code syntax and style conventions
[0.582s] -- Added test 'lint_cmake' to check CMake code style
[0.582s] -- Added test 'pep257' to check Python code against some of the docstring style conventions in PEP 257
[0.584s] -- Added test 'xmllint' to check XML markup files
[0.584s] -- Configuring done
[0.585s] -- Generating done
[0.586s] -- Build files have been written to: /home/ljyyds/chapt7/chapt7_ws/src/build/smartcar_description
[0.589s] Invoked command in '/home/ljyyds/chapt7/chapt7_ws/src/build/smartcar_description' returned '0': CMAKE_PREFIX_PATH=/opt/ros/humble /usr/bin/cmake /home/ljyyds/chapt7/chapt7_ws/src/smartcar_description -DCMAKE_INSTALL_PREFIX=/home/ljyyds/chapt7/chapt7_ws/src/install/smartcar_description
[0.591s] Invoking command in '/home/ljyyds/chapt7/chapt7_ws/src/build/smartcar_description': CMAKE_PREFIX_PATH=/opt/ros/humble /usr/bin/cmake --build /home/ljyyds/chapt7/chapt7_ws/src/build/smartcar_description -- -j20 -l20
[0.617s] Invoked command in '/home/ljyyds/chapt7/chapt7_ws/src/build/smartcar_description' returned '0': CMAKE_PREFIX_PATH=/opt/ros/humble /usr/bin/cmake --build /home/ljyyds/chapt7/chapt7_ws/src/build/smartcar_description -- -j20 -l20
[0.623s] Invoking command in '/home/ljyyds/chapt7/chapt7_ws/src/build/smartcar_description': CMAKE_PREFIX_PATH=/opt/ros/humble /usr/bin/cmake --install /home/ljyyds/chapt7/chapt7_ws/src/build/smartcar_description
[0.630s] -- Install configuration: ""
[0.630s] -- Installing: /home/ljyyds/chapt7/chapt7_ws/src/install/smartcar_description/share/smartcar_description/launch
[0.630s] -- Installing: /home/ljyyds/chapt7/chapt7_ws/src/install/smartcar_description/share/smartcar_description/launch/gazebo_sim.launch.py
[0.630s] -- Installing: /home/ljyyds/chapt7/chapt7_ws/src/install/smartcar_description/share/smartcar_description/launch/display_robot.launch.py
[0.630s] -- Installing: /home/ljyyds/chapt7/chapt7_ws/src/install/smartcar_description/share/smartcar_description/urdf
[0.630s] -- Installing: /home/ljyyds/chapt7/chapt7_ws/src/install/smartcar_description/share/smartcar_description/urdf/fishbot
[0.630s] -- Installing: /home/ljyyds/chapt7/chapt7_ws/src/install/smartcar_description/share/smartcar_description/urdf/smartcar/base.urdf.xacro
[0.630s] -- Installing: /home/ljyyds/chapt7/chapt7_ws/src/install/smartcar_description/share/smartcar_description/urdf/smartcar/common_inertia.xacro
[0.630s] -- Installing: /home/ljyyds/chapt7/chapt7_ws/src/install/smartcar_description/share/smartcar_description/urdf/smartcar/fishbot.ros2_control.xacro
[0.631s] -- Installing: /home/ljyyds/chapt7/chapt7_ws/src/install/smartcar_description/share/smartcar_description/urdf/smartcar/fishbot.urdf.xacro
[0.631s] -- Installing: /home/ljyyds/chapt7/chapt7_ws/src/install/smartcar_description/share/smartcar_description/urdf/smartcar/plugins
[0.631s] -- Installing: /home/ljyyds/chapt7/chapt7_ws/src/install/smartcar_description/share/smartcar_description/urdf/smartcar/plugins/gazebo_sensor_plugin.xacro
[0.631s] -- Installing: /home/ljyyds/chapt7/chapt7_ws/src/install/smartcar_description/share/smartcar_description/urdf/smartcar/plugins/gazebo_control_plugin.xacro
[0.631s] -- Installing: /home/ljyyds/chapt7/chapt7_ws/src/install/smartcar_description/share/smartcar_description/urdf/smartcar/sensor
[0.631s] -- Installing: /home/ljyyds/chapt7/chapt7_ws/src/install/smartcar_description/share/smartcar_description/urdf/smartcar/sensor/imu.urdf.xacro
[0.631s] -- Installing: /home/ljyyds/chapt7/chapt7_ws/src/install/smartcar_description/share/smartcar_description/urdf/smartcar/sensor/laser.urdf.xacro
[0.631s] -- Installing: /home/ljyyds/chapt7/chapt7_ws/src/install/smartcar_description/share/smartcar_description/urdf/smartcar/sensor/camera.urdf.xacro
[0.631s] -- Installing: /home/ljyyds/chapt7/chapt7_ws/src/install/smartcar_description/share/smartcar_description/urdf/smartcar/actuator
[0.632s] -- Installing: /home/ljyyds/chapt7/chapt7_ws/src/install/smartcar_description/share/smartcar_description/urdf/smartcar/actuator/wheel.urdf.xacro
[0.632s] -- Installing: /home/ljyyds/chapt7/chapt7_ws/src/install/smartcar_description/share/smartcar_description/urdf/smartcar/actuator/caster.urdf.xacro
[0.632s] -- Installing: /home/ljyyds/chapt7/chapt7_ws/src/install/smartcar_description/share/smartcar_description/urdf/first_robot.urdf.xacro
[0.632s] -- Installing: /home/ljyyds/chapt7/chapt7_ws/src/install/smartcar_description/share/smartcar_description/urdf/first_robot.pdf
[0.632s] -- Installing: /home/ljyyds/chapt7/chapt7_ws/src/install/smartcar_description/share/smartcar_description/urdf/first_robot.gv
[0.632s] -- Installing: /home/ljyyds/chapt7/chapt7_ws/src/install/smartcar_description/share/smartcar_description/urdf/first_robot.urdf
[0.632s] -- Installing: /home/ljyyds/chapt7/chapt7_ws/src/install/smartcar_description/share/smartcar_description/config
[0.632s] -- Installing: /home/ljyyds/chapt7/chapt7_ws/src/install/smartcar_description/share/smartcar_description/config/display_model.rviz
[0.632s] -- Installing: /home/ljyyds/chapt7/chapt7_ws/src/install/smartcar_description/share/smartcar_description/config/smartcar_ros2_controller.yaml
[0.632s] -- Installing: /home/ljyyds/chapt7/chapt7_ws/src/install/smartcar_description/share/smartcar_description/world
[0.632s] -- Installing: /home/ljyyds/chapt7/chapt7_ws/src/install/smartcar_description/share/smartcar_description/world/room
[0.632s] -- Installing: /home/ljyyds/chapt7/chapt7_ws/src/install/smartcar_description/share/smartcar_description/world/room/model.sdf
[0.632s] -- Installing: /home/ljyyds/chapt7/chapt7_ws/src/install/smartcar_description/share/smartcar_description/world/room/model.config
[0.633s] -- Installing: /home/ljyyds/chapt7/chapt7_ws/src/install/smartcar_description/share/smartcar_description/world/custom_room.world
[0.633s] -- Installing: /home/ljyyds/chapt7/chapt7_ws/src/install/smartcar_description/share/ament_index/resource_index/package_run_dependencies/smartcar_description
[0.633s] -- Installing: /home/ljyyds/chapt7/chapt7_ws/src/install/smartcar_description/share/ament_index/resource_index/parent_prefix_path/smartcar_description
[0.633s] -- Installing: /home/ljyyds/chapt7/chapt7_ws/src/install/smartcar_description/share/smartcar_description/environment/ament_prefix_path.sh
[0.633s] -- Installing: /home/ljyyds/chapt7/chapt7_ws/src/install/smartcar_description/share/smartcar_description/environment/ament_prefix_path.dsv
[0.633s] -- Installing: /home/ljyyds/chapt7/chapt7_ws/src/install/smartcar_description/share/smartcar_description/environment/path.sh
[0.633s] -- Installing: /home/ljyyds/chapt7/chapt7_ws/src/install/smartcar_description/share/smartcar_description/environment/path.dsv
[0.633s] -- Installing: /home/ljyyds/chapt7/chapt7_ws/src/install/smartcar_description/share/smartcar_description/local_setup.bash
[0.633s] -- Installing: /home/ljyyds/chapt7/chapt7_ws/src/install/smartcar_description/share/smartcar_description/local_setup.sh
[0.633s] -- Installing: /home/ljyyds/chapt7/chapt7_ws/src/install/smartcar_description/share/smartcar_description/local_setup.zsh
[0.634s] -- Installing: /home/ljyyds/chapt7/chapt7_ws/src/install/smartcar_description/share/smartcar_description/local_setup.dsv
[0.634s] -- Installing: /home/ljyyds/chapt7/chapt7_ws/src/install/smartcar_description/share/smartcar_description/package.dsv
[0.634s] -- Installing: /home/ljyyds/chapt7/chapt7_ws/src/install/smartcar_description/share/ament_index/resource_index/packages/smartcar_description
[0.634s] -- Installing: /home/ljyyds/chapt7/chapt7_ws/src/install/smartcar_description/share/smartcar_description/cmake/smartcar_descriptionConfig.cmake
[0.634s] -- Installing: /home/ljyyds/chapt7/chapt7_ws/src/install/smartcar_description/share/smartcar_description/cmake/smartcar_descriptionConfig-version.cmake
[0.634s] -- Installing: /home/ljyyds/chapt7/chapt7_ws/src/install/smartcar_description/share/smartcar_description/package.xml
[0.635s] Invoked command in '/home/ljyyds/chapt7/chapt7_ws/src/build/smartcar_description' returned '0': CMAKE_PREFIX_PATH=/opt/ros/humble /usr/bin/cmake --install /home/ljyyds/chapt7/chapt7_ws/src/build/smartcar_description
